<?xml version="1.0" encoding="UTF-8"?>
<!-- Generated by org.testng.reporters.JUnitReportReporter -->
<testsuite hostname="BCT-LTP-G458" failures="0" tests="1" name="com.reports.ExtentReports.ExtentReportDemo" time="33.625" errors="0" timestamp="2023-02-13T17:30:31 IST" skipped="0">
  <testcase classname="com.reports.ExtentReports.ExtentReportDemo" name="initialDemo" time="33.625"/>
  <system-out/>
</testsuite> <!-- com.reports.ExtentReports.ExtentReportDemo -->
